生成启动时间为 2017/2/28 10:27:35。
     1>项目“E:\work\CCLive\cclivedesk\branch\cclivedesk\CCCoreDump\CCCoreDump\CCCoreDump\CCCoreDump.vcxproj”在节点 2 上(Build 个目标)。
     1>ClCompile:
         C:\Program Files (x86)\Microsoft Visual Studio 14.0\VC\bin\CL.exe /c /ZI /nologo /W3 /WX- /sdl /Od /Oy- /D WIN32 /D _DEBUG /D _WINDOWS /D _USRDLL /D CCCOREDUMP_EXPORTS /D _WINDLL /D _UNICODE /D UNICODE /Gm /EHsc /RTC1 /MDd /GS /fp:precise /Zc:wchar_t /Zc:forScope /Zc:inline /Yc"stdafx.h" /Fp"Debug\CCCoreDump.pch" /Fo"Debug\\" /Fd"Debug\vc140.pdb" /Gd /TP /analyze- /errorReport:prompt  /D _CRT_SECURE_NO_WARNINGS stdafx.cpp
         stdafx.cpp
         C:\Program Files (x86)\Microsoft Visual Studio 14.0\VC\bin\CL.exe /c /ZI /nologo /W3 /WX- /sdl /Od /Oy- /D WIN32 /D _DEBUG /D _WINDOWS /D _USRDLL /D CCCOREDUMP_EXPORTS /D _WINDLL /D _UNICODE /D UNICODE /Gm /EHsc /RTC1 /MDd /GS /fp:precise /Zc:wchar_t /Zc:forScope /Zc:inline /Yu"stdafx.h" /Fp"Debug\CCCoreDump.pch" /Fo"Debug\\" /Fd"Debug\vc140.pdb" /Gd /TP /analyze- /errorReport:prompt  /D _CRT_SECURE_NO_WARNINGS CCCoreDump.cpp
         CCCoreDump.cpp
     1>c:\program files (x86)\windows kits\8.1\include\um\dbghelp.h(1544): warning C4091: “typedef ”: 没有声明变量时忽略“”的左侧
     1>c:\program files (x86)\windows kits\8.1\include\um\dbghelp.h(3190): warning C4091: “typedef ”: 没有声明变量时忽略“”的左侧
         C:\Program Files (x86)\Microsoft Visual Studio 14.0\VC\bin\CL.exe /c /ZI /nologo /W3 /WX- /sdl /Od /Oy- /D WIN32 /D _DEBUG /D _WINDOWS /D _USRDLL /D CCCOREDUMP_EXPORTS /D _WINDLL /D _UNICODE /D UNICODE /Gm /EHsc /RTC1 /MDd /GS /fp:precise /Zc:wchar_t /Zc:forScope /Zc:inline /Fo"Debug\\" /Fd"Debug\vc140.pdb" /Gd /TP /analyze- /errorReport:prompt  /D _CRT_SECURE_NO_WARNINGS dllmain.cpp
         dllmain.cpp
       Link:
         C:\Program Files (x86)\Microsoft Visual Studio 14.0\VC\bin\link.exe /ERRORREPORT:PROMPT /OUT:"E:\work\CCLive\cclivedesk\branch\cclivedesk\CCCoreDump\CCCoreDump\Debug\CCCoreDump.dll" /INCREMENTAL /NOLOGO kernel32.lib user32.lib gdi32.lib winspool.lib comdlg32.lib advapi32.lib shell32.lib ole32.lib oleaut32.lib uuid.lib odbc32.lib odbccp32.lib /MANIFEST /MANIFESTUAC:"level='asInvoker' uiAccess='false'" /manifest:embed /Debug /PDB:"E:\work\CCLive\cclivedesk\branch\cclivedesk\CCCoreDump\CCCoreDump\Debug\CCCoreDump.pdb" /SUBSYSTEM:WINDOWS /TLBID:1 /DYNAMICBASE /NXCOMPAT /IMPLIB:"E:\work\CCLive\cclivedesk\branch\cclivedesk\CCCoreDump\CCCoreDump\Debug\CCCoreDump.lib" /MACHINE:X86 /DLL Debug\CCCoreDump.obj
         Debug\dllmain.obj
         Debug\stdafx.obj
           正在创建库 E:\work\CCLive\cclivedesk\branch\cclivedesk\CCCoreDump\CCCoreDump\Debug\CCCoreDump.lib 和对象 E:\work\CCLive\cclivedesk\branch\cclivedesk\CCCoreDump\CCCoreDump\Debug\CCCoreDump.exp
         CCCoreDump.vcxproj -> E:\work\CCLive\cclivedesk\branch\cclivedesk\CCCoreDump\CCCoreDump\Debug\CCCoreDump.dll
     1>已完成生成项目“E:\work\CCLive\cclivedesk\branch\cclivedesk\CCCoreDump\CCCoreDump\CCCoreDump\CCCoreDump.vcxproj”(Build 个目标)的操作。

已成功生成。

已用时间 00:00:01.92
